
E:\ejemplos_sbas8_2020-1\main_cps.cus   Ensamblado con ENS08 el 29/10/2019 06:23:18 p. m.

0000               * Dirección asociada con apuntador de sentencias 'data' *
0000                dirapdata*           equ   $00D0
0000               * Dirección inicial de colocación de variables de usuario e internas *
0000                dirinivars*          equ   $00D1
0000               *....................................................................*
0000               * Direcciones asociadas con variables de tipo byte *
0000                dirinibyte*          equ   $00D1
0000                varaux..2~           equ   $00D1
0000                varaux..3~           equ   $00D2
0000                rn~                  equ   $00D3
0000                colu~                equ   $00D4
0000                t~1                  equ   $00D5
0000               ******************************************************************
0000               * Direcciones asociadas con variables de tipo entero de 2 bytes *
0000                dirinient2b*         equ   $00D6
0000               ******************************************************************
0000               * Direcciones asociadas con variables de tipo entero de 4 bytes (long) *
0000                dirinilong*          equ   $00D6
0000               ******************************************************************
0000               * Direcciones asociadas con variables de tipo real de 4 bytes *
0000                dirinivr4b*          equ   $00D6
0000               ******************************************************************
0000               * Direcciones asociadas con variables de tipo real de 8 bytes *
0000                dirinivr8b*          equ   $00D6
0000               ******************************************************************
0000               * Direcciones asociadas con descriptores de variables de tipo string *
0000                dirinivrstr*         equ   $00D6
0000                varaux..1$           equ   $00D6
0000                texto$               equ   $00D9
0000               ******************************************************************
0000               * Dirección inicial de colocación de strings *
0000                dirinistrings*       equ   $00DC
0000               ******************************************************************
0000                dir#ultdesc          equ   $00D9
0000                top#mem              equ   $011C
0000                SUM#NSNBY             EQU        $D800
0000                RES#NSNBY             EQU        $D82A
0000                ROT#IZQ08             EQU        $D854
0000                ROT#DER08             EQU        $D864
0000                MUL#NSNBY             EQU        $D874
0000                SUMA#PARCIAL          EQU        $D8F2
0000                NEG#NBY               EQU        $D919
0000                CP#NSNB               EQU        $D93F
0000                CP#NSNBZ              EQU        $D961
0000                DIV#NSNBY             EQU        $D976
0000                MOD#NSNBY             EQU        $DAAD
0000                GEN#CADASCNBY         EQU        $DB66
0000                GEN#ASCFNSNBY         EQU        $DBD7
0000                SUMAL#NBY             EQU        $DC3E
0000                RESTAL#NBY            EQU        $DC70
0000                MULAL#NBY             EQU        $DC78
0000                PONE#7FFF             EQU        $DCE5
0000                PONE#FF80             EQU        $DD18
0000                DIVAL#NBY             EQU        $DD42
0000                MODAL#NBY             EQU        $DD7C
0000                CP#NBY                EQU        $DDB1
0000                MULX10#NSNBY          EQU        $DDD8
0000                GEN#10^N1             EQU        $DE08
0000                EST#NBDEND            EQU        $DE27
0000                ESC#MOFFS             EQU        $DE45
0000                ASCENT#ABIN           EQU        $DE5A
0000                SI#ESDIGDEC           EQU        $DEDD
0000                ASCREAL#ABIN          EQU        $DEED
0000                ASCRNOEX#AFLOT        EQU        $DF9F
0000                MUL#PFPS              EQU        $E053
0000                GENFLOT#10^M          EQU        $E0DE
0000                GENFLOT#10^(-M)       EQU        $E10E
0000                SWAP#ACPFPS           EQU        $E12F
0000                ASCRCONEX#AFLOT       EQU        $E16C
0000                PSH#ACPFPS2           EQU        $E1DA
0000                PUL#ACPFPS2           EQU        $E1EE
0000                PSH#ACPFPS1           EQU        $E202
0000                PUL#ACPFPS1           EQU        $E216
0000                DIV#PFPS              EQU        $E22A
0000                RES#PFPS              EQU        $E2D8
0000                SUM#PFPS              EQU        $E2E3
0000                CP#PFPS               EQU        $E372
0000                AJU#EXPYMANT          EQU        $E3D6
0000                PARTENT#PFPS          EQU        $E427
0000                PARTFRAC#PFPS         EQU        $E47F
0000                PRINTIP1#PFPS         EQU        $E49B
0000                PRINTIP2#PFPS         EQU        $E52C
0000                ANALIZA#CAD           EQU        $E5F2
0000                PONE#CEROSIZQ         EQU        $E6D1
0000                VALIDALEC#NUM         EQU        $E795
0000                PRINT#ENTSIG          EQU        $E875
0000                FLOT5B#AFLOT4B        EQU        $E8BB
0000                FLOT4B#AFLOT5B        EQU        $E8D5
0000                MUEVE#BLO_FFFF        EQU        $E8FC
0000                MUEVE#BLO_0000        EQU        $E94A
0000                ASIGCAD#ASTR          EQU        $E99D
0000                SUM#STRINGS           EQU        $EAB0
0000                CP#STRINGS            EQU        $EB39
0000                ASIG#SUBSTRING        EQU        $EB7C
0000                AVISO#ARGINV          EQU        $EBF1
0000                CONV#12               EQU        $EC0D
0000                CONV#13               EQU        $EC1B
0000                CONV#14               EQU        $EC33
0000                CONV#21               EQU        $EC67
0000                CONV#23               EQU        $EC90
0000                CONV#24               EQU        $ECA3
0000                CONV#31               EQU        $ECE7
0000                CONV#32               EQU        $ED11
0000                CONV#34               EQU        $ED3D
0000                CONV#41               EQU        $ED8A
0000                CONV#42               EQU        $EDF2
0000                CONV#43               EQU        $EE69
0000                RAIZ#CUAD             EQU        $EEEC
0000                GENFLOT#X^M           EQU        $EF6A
0000                CGCTE#ACPFPS2         EQU        $EF7E
0000                CGCTE#ACPFPS1         EQU        $EF92
0000                SEN(Z)#V1             EQU        $EF9E
0000                COS(Z)#V1             EQU        $F007
0000                SEN(Z)#Z<PI/2         EQU        $F020
0000                SEN(Z)#Z<2PI          EQU        $F057
0000                SEN(Z)#GEN            EQU        $F0C3
0000                COS(Z)#GEN            EQU        $F14D
0000                EXP(Z)#V1             EQU        $F160
0000                EXP(Z)#GEN            EQU        $F1AC
0000                L(Z)#GEN              EQU        $F237
0000                L10(z)#GEN            EQU        $F2DA
0000                TAN(Z)#GEN            EQU        $F2ED
0000                ATAN(Z)#V2            EQU        $F315
0000                ATAN(Z)#Z<=1          EQU        $F360
0000                ATAN(Z)#GEN           EQU        $F3BF
0000                XEY#PFPS              EQU        $F404
0000                XEY#GEN               EQU        $F41A
0000                OB#1/Z                EQU        $F498
0000                FIX#PFPS              EQU        $F4B1
0000                VMEMFL#ACPFPS1        EQU        $F4C1
0000                VMEMFL#ACPFPS2        EQU        $F4D1
0000                ACPFPS1#VMEMFL        EQU        $F4E7
0000                VMEM#ACC1+OFFS        EQU        $F4F7
0000                ACC1+OFFS#VMEM        EQU        $F50F
0000                ES#DIGHEX             EQU        $F527
0000                ANALIZA#CADHEX        EQU        $F544
0000                PON#CAR               EQU        $F565
0000                LEE#CAR               EQU        $F569
0000                INPUT#ACC1            EQU        $F56D
0000                ENRU#PONCAR           EQU        $F5D5
0000                PONCAR#DE_STR         EQU        $F5EA
0000                CADHEX#AFLOT          EQU        $F850
0000                PONE#CEROENACPFPS1    EQU        $F8D6
0000                PARHEXA#BYTEQ         EQU        $F8E1
0000                VAL#DIGHEX            EQU        $F8F8
0000                VAL#GEN               EQU        $F905
0000                STR$#GEN              EQU        $F954
0000                HEX$#GEN              EQU        $F976
0000                CHR$#GEN              EQU        $F9AE
0000                ASC#GEN               EQU        $F9C3
0000                LEN#GEN               EQU        $F9DD
0000                SGN#GEN               EQU        $F9E6
0000                ABS#GEN               EQU        $F9F8
0000                CINT#GEN              EQU        $F9FB
0000                CSGN#GEN              EQU        $FA32
0000                DIVENT#PFPS           EQU        $FA3C
0000                SUB#AUXDIVINTYMOD     EQU        $FA5E
0000                MODAL#PFPS            EQU        $FA72
0000                OPERBOOLE#PFPS        EQU        $FA94
0000                OPERBOOLE#NBY         EQU        $FAAF
0000                NOT#PFPS              EQU        $FB02
0000                NOT#NBY               EQU        $FB1B
0000                BLOQUE1#ABLOQUE2      EQU        $FB29
0000                AVISO#INDINV          EQU        $FB42
0000                INPUT#ACC9            EQU        $FB99
0000                TX#SCI                EQU        $FBC6
0000                RX#SCI                EQU        $FBCC
0000                MUL#N3B               EQU        $FBD2
0000                txsci equ $fc87
0000                rxsci equ $fc8d
0000                acc#1          equ $A0
0000                apf#ps1        equ $B4
0000                m1pf#ps1       equ $B5
0000                m2pf#ps1       equ $B6
0000                m3pf#ps1       equ $B7
0000                tspf#ps1       equ $B8
0000                apf#ps2        equ $B9
0000                m1pf#ps2       equ $BA
0000                m2pf#ps2       equ $BB
0000                m3pf#ps2       equ $BC
0000                tspf#ps2       equ $BD
0000                apun*          equ $87
0000                var#dirinistr  equ $89
0000                var#dirultdesc equ $8B
0000                var#topmem     equ $8D
0000                locaux#-6      equ $8F
0000                locaux#-5      equ $90
0000                locaux#-4      equ $91
0000                locaux#-3      equ $92
0000                locaux#-2      equ $93
0000                locaux#-1      equ $94
0000                locaux#0       equ $95
0000                locaux#1       equ $96
0000                locaux#2       equ $97
0000                locaux#3       equ $98
0000                locaux#4       equ $99
0000                locaux#5       equ $9A
0000                locaux#6       equ $9B
0000                locaux#7       equ $9C
0000                nu#by          equ $9D
0000                bya#dirll      equ $9E
0000                byb#dirll      equ $9F
0000               ** Asignaciones equ asociadas con sentencias defvarxptr **
0000               ** Fin de colocación de equs asociados con declaraciones defvarxptr


0000                ini#sp            equ $047F
804A                                        org $804A
804A               * Inicialización predefinida por el compilador SB8 o el usuario en archivo E:\ejemplos_sbas8_2020-1\main_cps.car *
804A               * Guarda en stack status de delimitadores de direcciones asociadas con
804A               * variables string locales,propias del procedimiento que llamó al presente.

804A 8B                                      pshh
804B 89                                      pshx
804C 87                                      psha
804D                
804D 5587                                    ldhx apun*
804F 8B                                      pshh
8050 89                                      pshx
8051 5589                                    ldhx var#dirinistr
8053 8B                                      pshh
8054 89                                      pshx

8055 558B                                    ldhx var#dirultdesc
8057 8B                                      pshh
8058 89                                      pshx
8059 558D                                    ldhx var#topmem
805B 8B                                      pshh
805C 89                                      pshx
805D               *.................................................................................

805D               * Fin de inicialización predefinida por el compilador SB8 o el usuario *
805D 4500D1                                  ldhx #dirinivars*
8060 7F             otro#ceroaram:           clr ,x
8061 AF01                                    aix #$01
8063 65011D                                  cphx #top#mem+1
8066 26F8                                    bne otro#ceroaram
8068 4500DC                                  ldhx #dirinistrings*
806B 6500D6                                  cphx #dirinivrstr*
806E 2719                                    beq ini#tops
8070 8B                                      pshh 
8071 86                                      pula 
8072 B796                                    sta locaux#1
8074 89                                      pshx 
8075 86                                      pula 
8076 B797                                    sta locaux#2
8078 4500D6                                  ldhx #dirinivrstr*
807B B696           otro#descriptor:         lda locaux#1
807D F7                                      sta ,x
807E B697                                    lda locaux#2
8080 E701                                    sta $01,x
8082 AF03                                    aix #$03
8084 6500DC                                  cphx #dirinistrings*
8087 26F2                                    bne otro#descriptor
8089 4500DC         ini#tops:                ldhx #dirinistrings*
808C 3589                                    sthx var#dirinistr
808E 4500D9                                  ldhx #dir#ultdesc
8091 358B                                    sthx var#dirultdesc
8093 45011D                                  ldhx #top#mem+1
8096 358D                                    sthx var#topmem
8098 3F8F                                    clr locaux#-6
809A 3F9E                                    clr bya#dirll
809C 3F9F                                    clr byb#dirll
809E               ****  Fin de código de inicialización  *****
809E               *
809E               ****  Inicia código de usuario *****
809E               * finens  ---> r=7
809E               *            iniens
809E                main                     equ $804a
809E                printlcd16x2sh           equ $82a6
809E               *            finens
809E               * finens  ---> r=22
809E               *            iniens
809E CDF569                                  jsr lee#car
80A1               *            finens
80A1               * varaux..1$ = ""  ---> r=25
80A1 4500D6                                  ldhx #varaux..1$
80A4 35A6                                    sthx acc#1+6
80A6 6E00A8                                  mov #$00,acc#1+8
80A9 CDE99D                                  jsr asigcad#astr
80AC               * varaux..2~ = 1  ---> r=26
80AC A601                                    lda #$01
80AE C700D1                                  sta varaux..2~
80B1               * varaux..3~ = 1  ---> r=27
80B1 A601                                    lda #$01
80B3 C700D2                                  sta varaux..3~
80B6               * finens  ---> r=41
80B6               *            iniens
80B6 4500D2                                  ldhx #varaux..3~
80B9 89                                      pshx 
80BA 8B                                      pshh 
80BB 4500D1                                  ldhx #varaux..2~
80BE 89                                      pshx 
80BF 8B                                      pshh 
80C0 4500D6                                  ldhx #varaux..1$
80C3 89                                      pshx 
80C4 8B                                      pshh 
80C5 CD82A6                                  jsr printlcd16x2sh
80C8 A706                                    ais #$06
80CA               *            finens
80CA               * while 1  ---> r=45
80CA 9D             iniwhile#001:   nop
80CB A601                                    lda #$01
80CD C700D5                                  sta t~1
80D0 C600D5                                  lda t~1
80D3 2603                                    bne argwhilevdo#001
80D5 CC828F                                  jmp wend#001
80D8 9D             argwhilevdo#001:         nop 
80D9               * input "Dar texto a colocar en LCD,texto = " , texto$  ---> r=50
80D9 2023                                    bra pr1dae#001
80DB 4461722074     cadporimp1#001:          fcb $44,$61,$72,$20,$74,$65,$78,$74,$6F,$20,$61,$20,$63,$6F,$6C,$6F,$63,$61,$72,$20,$65,$6E,$20,$4C,$43,$44,$2C,$74,$65,$78,$74,$6F,$20,$3D,$20
     6578746F20
     6120636F6C
     6F63617220
     656E204C43
     442C746578
     746F203D20
     
80FE 6E239D         pr1dae#001:              mov #$23,nu#by
8101 4580DB                                  ldhx #cadporimp1#001
8104 F6             printbyte1#001:          lda ,x
8105 CDF565                                  jsr pon#car
8108 AF01                                    aix #$01
810A 3A9D                                    dec nu#by
810C 26F6                                    bne printbyte1#001
810E A620                                    lda #$20
8110 CDF565                                  jsr pon#car
8113 CDFB99                                  jsr input#acc9
8116 4500D9                                  ldhx #texto$
8119 35A6                                    sthx acc#1+6
811B CDE99D                                  jsr asigcad#astr
811E A60D                                    lda #$0d
8120 CDF565                                  jsr pon#car
8123 A60A                                    lda #$0a
8125 CDF565                                  jsr pon#car
8128               * input "Dar renglón,renglón = " , rn~  ---> r=51
8128 2016                                    bra pr1dae#002
812A 4461722072     cadporimp1#002:          fcb $44,$61,$72,$20,$72,$65,$6E,$67,$6C,$F3,$6E,$2C,$72,$65,$6E,$67,$6C,$F3,$6E,$20,$3D,$20
     656E676CF3
     6E2C72656E
     676CF36E20
     3D20
8140 6E169D         pr1dae#002:              mov #$16,nu#by
8143 45812A                                  ldhx #cadporimp1#002
8146 F6             printbyte1#002:          lda ,x
8147 CDF565                                  jsr pon#car
814A AF01                                    aix #$01
814C 3A9D                                    dec nu#by
814E 26F6                                    bne printbyte1#002
8150 A620                                    lda #$20
8152 CDF565                                  jsr pon#car
8155 CDF56D         input1#001:              jsr input#acc1
8158 6E0397                                  mov #$03,locaux#2
815B CDE795                                  jsr validalec#num
815E B69C                                    lda locaux#7
8160 27F3                                    beq input1#001
8162 4500D3                                  ldhx #rn~
8165 5EA1                                    mov acc#1+1,x+
8167 A60D                                    lda #$0d
8169 CDF565                                  jsr pon#car
816C A60A                                    lda #$0a
816E CDF565                                  jsr pon#car
8171               * input "Dar columna,columna = " , colu~  ---> r=52
8171 2016                                    bra pr1dae#003
8173 4461722063     cadporimp1#003:          fcb $44,$61,$72,$20,$63,$6F,$6C,$75,$6D,$6E,$61,$2C,$63,$6F,$6C,$75,$6D,$6E,$61,$20,$3D,$20
     6F6C756D6E
     612C636F6C
     756D6E6120
     3D20
8189 6E169D         pr1dae#003:              mov #$16,nu#by
818C 458173                                  ldhx #cadporimp1#003
818F F6             printbyte1#003:          lda ,x
8190 CDF565                                  jsr pon#car
8193 AF01                                    aix #$01
8195 3A9D                                    dec nu#by
8197 26F6                                    bne printbyte1#003
8199 A620                                    lda #$20
819B CDF565                                  jsr pon#car
819E CDF56D         input1#002:              jsr input#acc1
81A1 6E0397                                  mov #$03,locaux#2
81A4 CDE795                                  jsr validalec#num
81A7 B69C                                    lda locaux#7
81A9 27F3                                    beq input1#002
81AB 4500D4                                  ldhx #colu~
81AE 5EA1                                    mov acc#1+1,x+
81B0 A60D                                    lda #$0d
81B2 CDF565                                  jsr pon#car
81B5 A60A                                    lda #$0a
81B7 CDF565                                  jsr pon#car
81BA               * varaux..1$ = texto$  ---> r=55
81BA 4500D9                                  ldhx #texto$
81BD F6                                      lda ,x
81BE B7A0                                    sta acc#1
81C0 E601                                    lda $01,x
81C2 B7A1                                    sta acc#1+1
81C4 E602                                    lda $02,x
81C6 B79D                                    sta nu#by
81C8 B7A8                                    sta acc#1+8
81CA 2708                                    beq asigi1s#001
81CC 8C                                      clrh 
81CD AEA9                                    ldx #acc#1+9
81CF 35A2                                    sthx acc#1+2
81D1 CDFB29                                  jsr bloque1#abloque2
81D4 4500D6         asigi1s#001:             ldhx #varaux..1$
81D7 35A6                                    sthx acc#1+6
81D9 CDE99D                                  jsr asigcad#astr
81DC               * varaux..2~ = rn~  ---> r=56
81DC C600D3                                  lda rn~
81DF C700D1                                  sta varaux..2~
81E2               * varaux..3~ = colu~  ---> r=57
81E2 C600D4                                  lda colu~
81E5 C700D2                                  sta varaux..3~
81E8               * finens  ---> r=71
81E8               *            iniens
81E8 4500D2                                  ldhx #varaux..3~
81EB 89                                      pshx 
81EC 8B                                      pshh 
81ED 4500D1                                  ldhx #varaux..2~
81F0 89                                      pshx 
81F1 8B                                      pshh 
81F2 4500D6                                  ldhx #varaux..1$
81F5 89                                      pshx 
81F6 8B                                      pshh 
81F7 CD82A6                                  jsr printlcd16x2sh
81FA A706                                    ais #$06
81FC               *            finens
81FC               * print "Oprimir una tecla"  ---> r=75
81FC 2011                                    bra pr1dae#004
81FE 4F7072696D     cadporimp1#004:          fcb $4F,$70,$72,$69,$6D,$69,$72,$20,$75,$6E,$61,$20,$74,$65,$63,$6C,$61
     697220756E
     6120746563
     6C61
820F 6E119D         pr1dae#004:              mov #$11,nu#by
8212 4581FE                                  ldhx #cadporimp1#004
8215 F6             printbyte1#004:          lda ,x
8216 CDF565                                  jsr pon#car
8219 AF01                                    aix #$01
821B 3A9D                                    dec nu#by
821D 26F6                                    bne printbyte1#004
821F A620                                    lda #$20
8221 CDF565                                  jsr pon#car
8224 A60D                                    lda #$0d
8226 CDF565                                  jsr pon#car
8229 A60A                                    lda #$0a
822B CDF565                                  jsr pon#car
822E               * finens  ---> r=79
822E               *            iniens
822E CDF569                                  jsr lee#car
8231               *            finens
8231               * varaux..1$ = "                "  ---> r=82
8231 2010                                    bra i1igstre#002
8233 2020202020     cadporasig#002:          fcb $20,$20,$20,$20,$20,$20,$20,$20,$20,$20,$20,$20,$20,$20,$20,$20
     2020202020
     2020202020
     20
8243 6E109D         i1igstre#002:            mov #$10,nu#by
8246 458233                                  ldhx #cadporasig#002
8249 35A0                                    sthx acc#1
824B 8C                                      clrh 
824C AEA9                                    ldx #acc#1+9
824E 35A2                                    sthx acc#1+2
8250 55A0           copybyte#002:            ldhx acc#1
8252 F6                                      lda ,x
8253 AF01                                    aix #$01
8255 35A0                                    sthx acc#1
8257 55A2                                    ldhx acc#1+2
8259 F7                                      sta ,x
825A AF01                                    aix #$01
825C 35A2                                    sthx acc#1+2
825E 3A9D                                    dec nu#by
8260 26EE                                    bne copybyte#002
8262 4500D6                                  ldhx #varaux..1$
8265 35A6                                    sthx acc#1+6
8267 6E10A8                                  mov #$10,acc#1+8
826A CDE99D                                  jsr asigcad#astr
826D               * varaux..2~ = rn~  ---> r=83
826D C600D3                                  lda rn~
8270 C700D1                                  sta varaux..2~
8273               * varaux..3~ = 1  ---> r=84
8273 A601                                    lda #$01
8275 C700D2                                  sta varaux..3~
8278               * finens  ---> r=98
8278               *            iniens
8278 4500D2                                  ldhx #varaux..3~
827B 89                                      pshx 
827C 8B                                      pshh 
827D 4500D1                                  ldhx #varaux..2~
8280 89                                      pshx 
8281 8B                                      pshh 
8282 4500D6                                  ldhx #varaux..1$
8285 89                                      pshx 
8286 8B                                      pshh 
8287 CD82A6                                  jsr printlcd16x2sh
828A A706                                    ais #$06
828C               *            finens
828C               * wend  ---> r=105
828C CC80CA                                  jmp iniwhile#001
828F 9D             wend#001:   nop
8290               * finens  ---> r=130
8290               *            iniens
8290 88                                      pulx 
8291 8A                                      pulh 
8292 358D                                    sthx var#topmem
8294 88                                      pulx 
8295 8A                                      pulh 
8296 358B                                    sthx var#dirultdesc
8298 88                                      pulx 
8299 8A                                      pulh 
829A 3589                                    sthx var#dirinistr
829C 88                                      pulx 
829D 8A                                      pulh 
829E 3587                                    sthx apun*
82A0 86                                      pula 
82A1 88                                      pulx 
82A2 8A                                      pulh 
82A3 81                                      rts 
82A4               *            finens
82A4               ****  Fin de código ejecutable de usuario *****
82A4 20FE           fin#codus:               bra fin#codus
82A6               *...............................................................................*
82A6               ****  Inicio de datos de usuario declarados con sentencias datax, x=b/w/l/s *****

   TABLA DE SÍMBOLOS

       ETIQUETAS

OTRO#CEROARAM            8060
OTRO#DESCRIPTOR          807B
INI#TOPS                 8089
INIWHILE#001             80CA
ARGWHILEVDO#001          80D8
CADPORIMP1#001           80DB
PR1DAE#001               80FE
PRINTBYTE1#001           8104
CADPORIMP1#002           812A
PR1DAE#002               8140
PRINTBYTE1#002           8146
INPUT1#001               8155
CADPORIMP1#003           8173
PR1DAE#003               8189
PRINTBYTE1#003           818F
INPUT1#002               819E
ASIGI1S#001              81D4
CADPORIMP1#004           81FE
PR1DAE#004               820F
PRINTBYTE1#004           8215
CADPORASIG#002           8233
I1IGSTRE#002             8243
COPYBYTE#002             8250
WEND#001                 828F
FIN#CODUS                82A4

   ASIGNACIONES    EQU

DIRAPDATA*              $00D0
DIRINIVARS*             $00D1
DIRINIBYTE*             $00D1
VARAUX..2~              $00D1
VARAUX..3~              $00D2
RN~                     $00D3
COLU~                   $00D4
T~1                     $00D5
DIRINIENT2B*            $00D6
DIRINILONG*             $00D6
DIRINIVR4B*             $00D6
DIRINIVR8B*             $00D6
DIRINIVRSTR*            $00D6
VARAUX..1$              $00D6
TEXTO$                  $00D9
DIRINISTRINGS*          $00DC
DIR#ULTDESC             $00D9
TOP#MEM                 $011C
SUM#NSNBY               $D800
RES#NSNBY               $D82A
ROT#IZQ08               $D854
ROT#DER08               $D864
MUL#NSNBY               $D874
SUMA#PARCIAL            $D8F2
NEG#NBY                 $D919
CP#NSNB                 $D93F
CP#NSNBZ                $D961
DIV#NSNBY               $D976
MOD#NSNBY               $DAAD
GEN#CADASCNBY           $DB66
GEN#ASCFNSNBY           $DBD7
SUMAL#NBY               $DC3E
RESTAL#NBY              $DC70
MULAL#NBY               $DC78
PONE#7FFF               $DCE5
PONE#FF80               $DD18
DIVAL#NBY               $DD42
MODAL#NBY               $DD7C
CP#NBY                  $DDB1
MULX10#NSNBY            $DDD8
GEN#10^N1               $DE08
EST#NBDEND              $DE27
ESC#MOFFS               $DE45
ASCENT#ABIN             $DE5A
SI#ESDIGDEC             $DEDD
ASCREAL#ABIN            $DEED
ASCRNOEX#AFLOT          $DF9F
MUL#PFPS                $E053
GENFLOT#10^M            $E0DE
GENFLOT#10^(-M)         $E10E
SWAP#ACPFPS             $E12F
ASCRCONEX#AFLOT         $E16C
PSH#ACPFPS2             $E1DA
PUL#ACPFPS2             $E1EE
PSH#ACPFPS1             $E202
PUL#ACPFPS1             $E216
DIV#PFPS                $E22A
RES#PFPS                $E2D8
SUM#PFPS                $E2E3
CP#PFPS                 $E372
AJU#EXPYMANT            $E3D6
PARTENT#PFPS            $E427
PARTFRAC#PFPS           $E47F
PRINTIP1#PFPS           $E49B
PRINTIP2#PFPS           $E52C
ANALIZA#CAD             $E5F2
PONE#CEROSIZQ           $E6D1
VALIDALEC#NUM           $E795
PRINT#ENTSIG            $E875
FLOT5B#AFLOT4B          $E8BB
FLOT4B#AFLOT5B          $E8D5
MUEVE#BLO_FFFF          $E8FC
MUEVE#BLO_0000          $E94A
ASIGCAD#ASTR            $E99D
SUM#STRINGS             $EAB0
CP#STRINGS              $EB39
ASIG#SUBSTRING          $EB7C
AVISO#ARGINV            $EBF1
CONV#12                 $EC0D
CONV#13                 $EC1B
CONV#14                 $EC33
CONV#21                 $EC67
CONV#23                 $EC90
CONV#24                 $ECA3
CONV#31                 $ECE7
CONV#32                 $ED11
CONV#34                 $ED3D
CONV#41                 $ED8A
CONV#42                 $EDF2
CONV#43                 $EE69
RAIZ#CUAD               $EEEC
GENFLOT#X^M             $EF6A
CGCTE#ACPFPS2           $EF7E
CGCTE#ACPFPS1           $EF92
SEN(Z)#V1               $EF9E
COS(Z)#V1               $F007
SEN(Z)#Z<PI/2           $F020
SEN(Z)#Z<2PI            $F057
SEN(Z)#GEN              $F0C3
COS(Z)#GEN              $F14D
EXP(Z)#V1               $F160
EXP(Z)#GEN              $F1AC
L(Z)#GEN                $F237
L10(Z)#GEN              $F2DA
TAN(Z)#GEN              $F2ED
ATAN(Z)#V2              $F315
ATAN(Z)#Z<=1            $F360
ATAN(Z)#GEN             $F3BF
XEY#PFPS                $F404
XEY#GEN                 $F41A
OB#1/Z                  $F498
FIX#PFPS                $F4B1
VMEMFL#ACPFPS1          $F4C1
VMEMFL#ACPFPS2          $F4D1
ACPFPS1#VMEMFL          $F4E7
VMEM#ACC1+OFFS          $F4F7
ACC1+OFFS#VMEM          $F50F
ES#DIGHEX               $F527
ANALIZA#CADHEX          $F544
PON#CAR                 $F565
LEE#CAR                 $F569
INPUT#ACC1              $F56D
ENRU#PONCAR             $F5D5
PONCAR#DE_STR           $F5EA
CADHEX#AFLOT            $F850
PONE#CEROENACPFPS1      $F8D6
PARHEXA#BYTEQ           $F8E1
VAL#DIGHEX              $F8F8
VAL#GEN                 $F905
STR$#GEN                $F954
HEX$#GEN                $F976
CHR$#GEN                $F9AE
ASC#GEN                 $F9C3
LEN#GEN                 $F9DD
SGN#GEN                 $F9E6
ABS#GEN                 $F9F8
CINT#GEN                $F9FB
CSGN#GEN                $FA32
DIVENT#PFPS             $FA3C
SUB#AUXDIVINTYMOD       $FA5E
MODAL#PFPS              $FA72
OPERBOOLE#PFPS          $FA94
OPERBOOLE#NBY           $FAAF
NOT#PFPS                $FB02
NOT#NBY                 $FB1B
BLOQUE1#ABLOQUE2        $FB29
AVISO#INDINV            $FB42
INPUT#ACC9              $FB99
TX#SCI                  $FBC6
RX#SCI                  $FBCC
MUL#N3B                 $FBD2
TXSCI                   $FC87
RXSCI                   $FC8D
ACC#1                   $A0
APF#PS1                 $B4
M1PF#PS1                $B5
M2PF#PS1                $B6
M3PF#PS1                $B7
TSPF#PS1                $B8
APF#PS2                 $B9
M1PF#PS2                $BA
M2PF#PS2                $BB
M3PF#PS2                $BC
TSPF#PS2                $BD
APUN*                   $87
VAR#DIRINISTR           $89
VAR#DIRULTDESC          $8B
VAR#TOPMEM              $8D
LOCAUX#-6               $8F
LOCAUX#-5               $90
LOCAUX#-4               $91
LOCAUX#-3               $92
LOCAUX#-2               $93
LOCAUX#-1               $94
LOCAUX#0                $95
LOCAUX#1                $96
LOCAUX#2                $97
LOCAUX#3                $98
LOCAUX#4                $99
LOCAUX#5                $9A
LOCAUX#6                $9B
LOCAUX#7                $9C
NU#BY                   $9D
BYA#DIRLL               $9E
BYB#DIRLL               $9F
INI#SP                  $047F
MAIN                    $804A
PRINTLCD16X2SH          $82A6

