MPASM  5.48                         PROG1.ASM   10-10-2019  12:56:39         PAGE  1


LOC  OBJECT CODE     LINE SOURCE TEXT
  VALUE

Warning[205]: Found directive in column 1. (processor)
                      00001 processor 16f877          
Warning[205]: Found directive in column 1. (include)
                      00002 include <p16f877.inc> 
                      00001         LIST
                      00002 
                      00003 ;==========================================================================
                      00004 ;  MPASM PIC16F877 processor include
                      00005 ; 
                      00006 ;  (c) Copyright 1999-2012 Microchip Technology, All rights reserved
                      00007 ;==========================================================================
                      00008 
Message[301]: MESSAGE: (Processor-header file mismatch.  Verify selected processor.)
                      00540         LIST
                      00003  
Warning[207]: Found label after column 1. (Y)
  00000024            00004         Y equ H'24'             ;Asignamos la memoria a Y 
Warning[207]: Found label after column 1. (contador)
  00000020            00005         contador equ h'20'        
Warning[207]: Found label after column 1. (valor1)
  00000021            00006         valor1 equ h'21'           
Warning[207]: Found label after column 1. (valor2)
  00000022            00007         valor2 equ h'22'           
Warning[207]: Found label after column 1. (valor3)
  00000023            00008         valor3 equ h'23'
                      00009         
                      00010         ;Constantes para el retardo   
Warning[207]: Found label after column 1. (cte1)
  00000020            00011         cte1 equ 20h       
Warning[207]: Found label after column 1. (cte2)
  00000050            00012         cte2 equ 50h               
Warning[207]: Found label after column 1. (cte3)
  00000060            00013         cte3 equ 60h               
0000                  00014         org 0                            
0000   2805           00015         goto inicio                
0005                  00016         org 5                              
                      00017 
0005   0186           00018 inicio: clrf PORTB        ;Limpiamos el puerto B
0006   1683           00019             BSF STATUS,RP0    ;Cambiamos al banco 1
0007   1303           00020             BCF STATUS,RP1
Message[302]: Register in operand not in bank 0.  Ensure that bank bits are correct.
0008   0186           00021             clrf TRISB           ;Configuramos el puerto B como salida 
                      00022 
Message[302]: Register in operand not in bank 0.  Ensure that bank bits are correct.
0009   1518           00023 trans:          bsf TXSTA, BRGH   ; Para la velocidad de transmisión alta BRGH=1
000A   3020           00024                     movlw D'32'          ;Este es el valor decimal de acuerdo baud rate =38400 y Fosc =2
                            0 Mhz
Message[302]: Register in operand not in bank 0.  Ensure that bank bits are correct.
000B   0099           00025                     movwf SPBRG
Message[302]: Register in operand not in bank 0.  Ensure that bank bits are correct.
000C   1218           00026                     bcf TXSTA, SYNC   ;Para la comunicación serie asíncrona
Message[302]: Register in operand not in bank 0.  Ensure that bank bits are correct.
000D   1698           00027                     bsf TXSTA, TXEN   ;Habilitamos el transmisor
MPASM  5.48                         PROG1.ASM   10-10-2019  12:56:39         PAGE  2


LOC  OBJECT CODE     LINE SOURCE TEXT
  VALUE

000E   1283           00028                     bcf STATUS, RP0
000F   1798           00029                     bsf RCSTA, SPEN  ; Habilitamos el puerto serie
0010   1618           00030                     bsf RCSTA, CREN  ;Dejamos disponibles TX y RX 
                      00031 
0011   1E8C           00032 recibe: btfss PIR1, RCIF  ;Bandera de interrupción se activan cuando ocurre una interrupcion y termina l
                            a recepción
0012   2811           00033             goto recibe             ;Vamos a la subrutina recibe
0013   081A           00034             movf RCREG, W ;si se pone en 1 RCIF, se guarda el resultado en RCREG la lectura del  teclado
                                    
0014   00A4           00035             movwf Y                ;Movemos el contenido de W a la variable Y    
                      00036 
0015   0186           00037 ciclo:  clrf PORTB          ;Limpiamos PORTB
0016   1103           00038             bcf STATUS, Z    ;Ponemos a 0 a la bandera Z
0017   0824           00039             movf Y,W              ;Movemos lo que tiene Y a W
0018   3A30           00040             xorlw A'0'              ;ASCII que realiza la operación lógica xor entre la entrada del tecl
                            ado y w
0019   1903           00041             btfsc STATUS,Z   ;si z=0 saltamos al caso 1
001A   2836           00042             goto caso1                          
001B   0824           00043             movf Y,W              ;Movemos el contenido de Y a W
001C   3A31           00044             xorlw A'1'              ;ASCII que realiza la operación lógica entre la entrada del teclado 
                            y w
001D   1903           00045             btfsc STATUS,Z   ;si z=0 saltamos a la subrutina caso2
001E   2839           00046             goto caso2           
001F   0824           00047             movf Y,W              ;Movemos el contenido de Y a W
0020   3A32           00048             xorlw A'2'              ;ASCII que realiza la operación lógica entre la entrada del teclado 
                            y w
0021   1903           00049             btfsc STATUS,Z   ;si z=0 saltamos a la subrutina caso3
0022   283D           00050             goto caso3           
0023   0824           00051             movf Y,W              ;Movemos el contenido de Y a W
0024   3A33           00052             xorlw A'3'              ;ASCII que realiza la operación lógica entre la entrada del teclado 
                            y w
0025   1903           00053             btfsc STATUS,Z   ;si z=0 saltamos a la subrutina caso4
0026   2849           00054             goto caso4           
0027   0824           00055             movf Y,W              ;Movemos el contenido de Y a W
0028   3A34           00056             xorlw A'4'              ;ASCII que realiza la operación lógica entre la entrada del teclado 
                            y w
0029   1903           00057             btfsc STATUS,Z   ;si z=0 saltamos a la subrutina caso5
002A   2855           00058             goto caso5           
002B   0824           00059             movf Y,W              ;Movemos el contenido de Y a W
002C   3A35           00060             xorlw A'5'              ;ASCII que realiza la operación lógica entre la entrada del teclado 
                            y w
002D   1903           00061             btfsc STATUS,Z   ;si z=0 saltamos a la subrutina caso6
002E   2861           00062             goto caso6           
                      00063 
002F   081A           00064 recepcion:      movf RCREG, W   ;Movemos el contenido del registro de recepción RCREG a W
0030   0099           00065                     movwf TXREG      ;Movemos el contenido de W al registro de transmisión TXREG  
0031   1683           00066                     bsf STATUS, RP0 ;Nos cambiamos al banco 1
                      00067 
Message[302]: Register in operand not in bank 0.  Ensure that bank bits are correct.
0032   1C98           00068 transmite:      btfss TXSTA, TRMT     ; Para verificar si se realizo la transmisión 1=TSR vacio
0033   2832           00069                     goto transmite                ;saltamos a la subrutina transmite 0 =TSR lleno
0034   1283           00070                     bcf STATUS, RP0         ;Nos cambiamos al banco 0
0035   2811           00071                     goto recibe                     ;Saltamos a la subrutina recibe
MPASM  5.48                         PROG1.ASM   10-10-2019  12:56:39         PAGE  3


LOC  OBJECT CODE     LINE SOURCE TEXT
  VALUE

                      00072 
                      00073 ;dato 000, acción LED’S apagados
0036   1003           00074 caso1:  bcf STATUS,0    ;limpia el bit 0 del registro STATUS, evita que se prendan dos LED’S
0037   0186           00075                 clrf PORTB        ;limpia el puerto B, LED’S apagados
0038   282F           00076                 goto recepcion           ;Saltamos a la subrutina recepción
                      00077  
                      00078 ;dato 001, acción LED’S encendidos
0039   1003           00079 caso2:  bcf STATUS,0    ;limpia el bit 0 del registro STATUS, evita que se prendan dos LED’S
003A   30FF           00080                 movlw h'FF'       ;Movemos un 1 al registro W
003B   0086           00081                 movwf PORTB  ; Movemos el contenido de W a PORTB , enciende LED’S
003C   282F           00082                 goto recepcion           ;salto a la subrutina recepción
                      00083 
                      00084 ;dato 010, acción corrimiento de bit hacia la derecha
003D   1003           00085 caso3:  bcf STATUS,0    ;limpia el bit 0 del registro STATUS, evita que se prendan dos LED’S
003E   3080           00086            movlw H'80'             ;Movemos H’80’ a W
003F   0086           00087            movwf PORTB        ;Movemos el contenido de W a PORTB, fin de secuencia
0040   2067           00088            call retardo         ;Llamamos a la subrutina retardo        
0041   3008           00089            movlw H'08'            ;Movemos H‘08’ a W
Error[113]  : Symbol not previously defined (L)
0042   0080           00090            movwf L                   ;Movemos el contenido de W a L, inicia secuencia
                      00091 
0043   2067           00092 corrimiento:    call retardo            ;Llamamos a la subrutina retardo        
0044   0C86           00093                            rrf PORTB,1          ;corrimiento hacia la derecha de bits de 1 en 1 sobre el
                             puerto B
Error[113]  : Symbol not previously defined (L)
0045   0380           00094                            decf L,1                    ;Decrementamos a L en 1 
0046   1903           00095                            btfsc STATUS,2      ;  cuando se esta en cero estado que nos brinda STATUS
0047   282F           00096                            goto recepcion           ;salto a la subrutina recepción
0048   2843           00097                            goto corrimiento       ;no hemos llegado a cero, seguimos con el corrimiento
                      00098 
                      00099 ;dato 011, acción corrimiento de bit hacia la izquierda
0049   1003           00100 caso4:  bcf STATUS,0          ;limpia el bit 0 del registro STATUS, evita que se prendan dos LED’S
004A   3001           00101            movlw H'01'             ;Movemos H’80’ a W
004B   0086           00102            movwf PORTB        ;Movemos el contenido de W a PORTB, fin de secuencia
004C   2067           00103            call retardo         ;Llamamos a la subrutina retardo        
004D   3008           00104            movlw H'08'           ;Movemos H‘08’ a W
Error[113]  : Symbol not previously defined (L)
004E   0080           00105            movwf L                   ;Movemos el contenido de W a L, inicia secuencia
                      00106 
004F   2067           00107 corrimiento2:   call retardo            ;Llamamos a la subrutina retardo        
0050   0D86           00108                            rlf PORTB,1          ;corrimiento hacia la derecha de bits de 1 en 1 sobre el
                             puerto B
Error[113]  : Symbol not previously defined (L)
0051   0380           00109                            decf L,1                    ;Decrementamos a L en 1 
0052   1903           00110                            btfsc STATUS,2      ;  Si el bit 2 es cero saltamos a...
0053   282F           00111                            goto recepcion           ;salto a la subrutina recepción
0054   284F           00112                            goto corrimiento2      ;no hemos llegado a cero, seguimos con el corrimiento
                      00113 
                      00114 ;dato 100, acción corrimiento de bit hacia la derecha y a la izquierda
0055   1003           00115 caso5:  bcf STATUS,0          ;limpia el bit 0 del registro STATUS, evita que se prendan dos LED’S
0056   3080           00116            movlw H'80'             ;Movemos H’80’ a W
0057   0086           00117            movwf PORTB        ;Movemos el contenido de W a PORTB, fin de secuencia
0058   2067           00118            call retardo         ;Llamamos a la subrutina retardo        
MPASM  5.48                         PROG1.ASM   10-10-2019  12:56:39         PAGE  4


LOC  OBJECT CODE     LINE SOURCE TEXT
  VALUE

0059   3008           00119            movlw H'08'            ;Movemos H‘08’ a W
Error[113]  : Symbol not previously defined (L)
005A   0080           00120            movwf L                   ;Movemos el contenido de W a L, inicia secuencia
                      00121 
005B   2067           00122 corrimiento3:   call retardo            ;Llamamos a la subrutina retardo        
005C   0C86           00123                            rrf PORTB,1          ;corrimiento hacia la derecha de bits de 1 en 1 sobre el
                             puerto B
Error[113]  : Symbol not previously defined (L)
005D   0380           00124                            decf L,1                    ;Decrementamos a L en 1 
005E   1903           00125                            btfsc STATUS,2       ;  cuando se esta en cero estado que nos brinda STATUS
005F   2849           00126                            goto caso4               ;salto a la subrutina corrimiento a la izquierda cas
                            o4
0060   285B           00127                            goto corrimiento3     ;no hemos llegado a cero, seguimos con el corrimiento
                      00128 
                      00129 ;dato 101, acción se apagan y prenden todos los LED’S
0061   30FF           00130 caso6:  movlw b'11111111' ;Movemos b’11111111’ a W
0062   0086           00131            movwf PORTB       ;Movemos el contenido de W a PORTB, para encender LED’S
0063   2067           00132            call retardo            ;Llamamos a la subrutina retardo     
0064   0186           00133            clrf PORTB              ;se limpia el puerto B para que se apaguen los leds
0065   2067           00134            call retardo            ;Llamamos a la subrutina retardo     
0066   282F           00135            goto recepcion           ;salto a la subrutina recepción
                      00136 
0067   3020           00137 retardo:        movlw cte1              ;Movemos el contenido del cte1 a W 
0068   00A1           00138                 movwf valor1      ;Movemos el contenido de w a la dirección de valor1   
                      00139 
0069   3050           00140 tres:   movlw cte2                ;Movemos el contenido del cte2 a W
006A   00A2           00141         movwf valor2      ;Movemos el contenido de w a a la dirección de valor2
                      00142 
006B   3060           00143 dos:    movlw cte3                ;Movemos el contenido del cte3 a W    
006C   00A3           00144         movwf valor3            ;Movemos el contenido de w a a la dirección de valor3
                      00145 
Message[305]: Using default destination of 1 (file).
006D   0BA3           00146 uno:    decfsz valor3    ;Decrementamos a valor3 y escapa a uno cuando llegue a 0       
006E   286D           00147             goto uno             ;saltamos a la dirección de uno para iniciar de nuevo
Message[305]: Using default destination of 1 (file).
006F   0BA2           00148             decfsz valor2        ;Decrementamos a valor2 y escapa a dos cuando llegue a 0
0070   286B           00149             goto dos             ;Saltamos a la direccion de dos para iniciar de nuevo  
Message[305]: Using default destination of 1 (file).
0071   0BA1           00150             decfsz valor1        ;decrementa a valor1 y escapa a tres cuando llegue a 0
0072   2869           00151             goto tres            ;saltamos a la direccion de tres para iniciar de nuevo
0073   0008           00152             return              ;retorno a la subrutina retardo
                      00153 
Warning[205]: Found directive in column 1. (end)
                      00154 end     
MPASM  5.48                         PROG1.ASM   10-10-2019  12:56:39         PAGE  5


SYMBOL TABLE
  LABEL                             VALUE 

ACKDT                             00000005
ACKEN                             00000004
ACKSTAT                           00000006
ADCON0                            0000001F
ADCON1                            0000009F
ADCS0                             00000006
ADCS1                             00000007
ADDEN                             00000003
ADFM                              00000007
ADIE                              00000006
ADIF                              00000006
ADON                              00000000
ADRESH                            0000001E
ADRESL                            0000009E
BCLIE                             00000003
BCLIF                             00000003
BF                                00000000
BRGH                              00000002
C                                 00000000
CCP1CON                           00000017
CCP1IE                            00000002
CCP1IF                            00000002
CCP1M0                            00000000
CCP1M1                            00000001
CCP1M2                            00000002
CCP1M3                            00000003
CCP1X                             00000005
CCP1Y                             00000004
CCP2CON                           0000001D
CCP2IE                            00000000
CCP2IF                            00000000
CCP2M0                            00000000
CCP2M1                            00000001
CCP2M2                            00000002
CCP2M3                            00000003
CCP2X                             00000005
CCP2Y                             00000004
CCPR1                             00000015
CCPR1H                            00000016
CCPR1L                            00000015
CCPR2                             0000001B
CCPR2H                            0000001C
CCPR2L                            0000001B
CHS0                              00000003
CHS1                              00000004
CHS2                              00000005
CKE                               00000006
CKP                               00000004
CREN                              00000004
CSRC                              00000007
D                                 00000005
DATA_ADDRESS                      00000005
DC                                00000001
MPASM  5.48                         PROG1.ASM   10-10-2019  12:56:39         PAGE  6


SYMBOL TABLE
  LABEL                             VALUE 

D_A                               00000005
D_NOT_A                           00000005
EEADR                             0000010D
EEADRH                            0000010F
EECON1                            0000018C
EECON2                            0000018D
EEDATA                            0000010C
EEDATH                            0000010E
EEIE                              00000004
EEIF                              00000004
EEPGD                             00000007
F                                 00000001
FERR                              00000002
FSR                               00000004
GCEN                              00000007
GIE                               00000007
GO                                00000002
GO_DONE                           00000002
GO_NOT_DONE                       00000002
I2C_DATA                          00000005
I2C_READ                          00000002
I2C_START                         00000003
I2C_STOP                          00000004
IBF                               00000007
IBOV                              00000005
INDF                              00000000
INTCON                            0000000B
INTE                              00000004
INTEDG                            00000006
INTF                              00000001
IRP                               00000007
NOT_A                             00000005
NOT_ADDRESS                       00000005
NOT_BO                            00000000
NOT_BOR                           00000000
NOT_DONE                          00000002
NOT_PD                            00000003
NOT_POR                           00000001
NOT_RBPU                          00000007
NOT_RC8                           00000006
NOT_T1SYNC                        00000002
NOT_TO                            00000004
NOT_TX8                           00000006
NOT_W                             00000002
NOT_WRITE                         00000002
OBF                               00000006
OERR                              00000001
OPTION_REG                        00000081
P                                 00000004
PCFG0                             00000000
PCFG1                             00000001
PCFG2                             00000002
PCFG3                             00000003
MPASM  5.48                         PROG1.ASM   10-10-2019  12:56:39         PAGE  7


SYMBOL TABLE
  LABEL                             VALUE 

PCL                               00000002
PCLATH                            0000000A
PCON                              0000008E
PEIE                              00000006
PEN                               00000002
PIE1                              0000008C
PIE2                              0000008D
PIR1                              0000000C
PIR2                              0000000D
PORTA                             00000005
PORTB                             00000006
PORTC                             00000007
PORTD                             00000008
PORTE                             00000009
PR2                               00000092
PS0                               00000000
PS1                               00000001
PS2                               00000002
PSA                               00000003
PSPIE                             00000007
PSPIF                             00000007
PSPMODE                           00000004
R                                 00000002
RA0                               00000000
RA1                               00000001
RA2                               00000002
RA3                               00000003
RA4                               00000004
RA5                               00000005
RB0                               00000000
RB1                               00000001
RB2                               00000002
RB3                               00000003
RB4                               00000004
RB5                               00000005
RB6                               00000006
RB7                               00000007
RBIE                              00000003
RBIF                              00000000
RC0                               00000000
RC1                               00000001
RC2                               00000002
RC3                               00000003
RC4                               00000004
RC5                               00000005
RC6                               00000006
RC7                               00000007
RC8_9                             00000006
RC9                               00000006
RCD8                              00000000
RCEN                              00000003
RCIE                              00000005
RCIF                              00000005
MPASM  5.48                         PROG1.ASM   10-10-2019  12:56:39         PAGE  8


SYMBOL TABLE
  LABEL                             VALUE 

RCREG                             0000001A
RCSTA                             00000018
RD                                00000000
RD0                               00000000
RD1                               00000001
RD2                               00000002
RD3                               00000003
RD4                               00000004
RD5                               00000005
RD6                               00000006
RD7                               00000007
RE0                               00000000
RE1                               00000001
RE2                               00000002
READ_WRITE                        00000002
RP0                               00000005
RP1                               00000006
RSEN                              00000001
RX9                               00000006
RX9D                              00000000
R_NOT_W                           00000002
R_W                               00000002
S                                 00000003
SEN                               00000000
SMP                               00000007
SPBRG                             00000099
SPEN                              00000007
SREN                              00000005
SSPADD                            00000093
SSPBUF                            00000013
SSPCON                            00000014
SSPCON2                           00000091
SSPEN                             00000005
SSPIE                             00000003
SSPIF                             00000003
SSPM0                             00000000
SSPM1                             00000001
SSPM2                             00000002
SSPM3                             00000003
SSPOV                             00000006
SSPSTAT                           00000094
STATUS                            00000003
SYNC                              00000004
T0CS                              00000005
T0IE                              00000005
T0IF                              00000002
T0SE                              00000004
T1CKPS0                           00000004
T1CKPS1                           00000005
T1CON                             00000010
T1INSYNC                          00000002
T1OSCEN                           00000003
T1SYNC                            00000002
MPASM  5.48                         PROG1.ASM   10-10-2019  12:56:39         PAGE  9


SYMBOL TABLE
  LABEL                             VALUE 

T2CKPS0                           00000000
T2CKPS1                           00000001
T2CON                             00000012
TMR0                              00000001
TMR0IE                            00000005
TMR0IF                            00000002
TMR1                              0000000E
TMR1CS                            00000001
TMR1H                             0000000F
TMR1IE                            00000000
TMR1IF                            00000000
TMR1L                             0000000E
TMR1ON                            00000000
TMR2                              00000011
TMR2IE                            00000001
TMR2IF                            00000001
TMR2ON                            00000002
TOUTPS0                           00000003
TOUTPS1                           00000004
TOUTPS2                           00000005
TOUTPS3                           00000006
TRISA                             00000085
TRISA0                            00000000
TRISA1                            00000001
TRISA2                            00000002
TRISA3                            00000003
TRISA4                            00000004
TRISA5                            00000005
TRISB                             00000086
TRISB0                            00000000
TRISB1                            00000001
TRISB2                            00000002
TRISB3                            00000003
TRISB4                            00000004
TRISB5                            00000005
TRISB6                            00000006
TRISB7                            00000007
TRISC                             00000087
TRISC0                            00000000
TRISC1                            00000001
TRISC2                            00000002
TRISC3                            00000003
TRISC4                            00000004
TRISC5                            00000005
TRISC6                            00000006
TRISC7                            00000007
TRISD                             00000088
TRISD0                            00000000
TRISD1                            00000001
TRISD2                            00000002
TRISD3                            00000003
TRISD4                            00000004
TRISD5                            00000005
MPASM  5.48                         PROG1.ASM   10-10-2019  12:56:39         PAGE 10


SYMBOL TABLE
  LABEL                             VALUE 

TRISD6                            00000006
TRISD7                            00000007
TRISE                             00000089
TRISE0                            00000000
TRISE1                            00000001
TRISE2                            00000002
TRMT                              00000001
TX8_9                             00000006
TX9                               00000006
TX9D                              00000000
TXD8                              00000000
TXEN                              00000005
TXIE                              00000004
TXIF                              00000004
TXREG                             00000019
TXSTA                             00000098
UA                                00000001
W                                 00000000
WCOL                              00000007
WR                                00000001
WREN                              00000002
WRERR                             00000003
Y                                 00000024
Z                                 00000002
_BODEN_OFF                        00003FBF
_BODEN_ON                         00003FFF
_BOREN_OFF                        00003FBF
_BOREN_ON                         00003FFF
_CONFIG                           00002007
_CPD_OFF                          00003FFF
_CPD_ON                           00003EFF
_CP_ALL                           00000FCF
_CP_HALF                          00001FDF
_CP_OFF                           00003FFF
_CP_UPPER_256                     00002FEF
_DEBUG_OFF                        00003FFF
_DEBUG_ON                         000037FF
_DEVID1                           00002006
_FOSC_EXTRC                       00003FFF
_FOSC_HS                          00003FFE
_FOSC_LP                          00003FFC
_FOSC_XT                          00003FFD
_HS_OSC                           00003FFE
_IDLOC0                           00002000
_IDLOC1                           00002001
_IDLOC2                           00002002
_IDLOC3                           00002003
_LP_OSC                           00003FFC
_LVP_OFF                          00003F7F
_LVP_ON                           00003FFF
_PWRTE_OFF                        00003FFF
_PWRTE_ON                         00003FF7
_RC_OSC                           00003FFF
MPASM  5.48                         PROG1.ASM   10-10-2019  12:56:39         PAGE 11


SYMBOL TABLE
  LABEL                             VALUE 

_WDTE_OFF                         00003FFB
_WDTE_ON                          00003FFF
_WDT_OFF                          00003FFB
_WDT_ON                           00003FFF
_WRT_ENABLE_OFF                   00003DFF
_WRT_ENABLE_ON                    00003FFF
_WRT_OFF                          00003DFF
_WRT_ON                           00003FFF
_XT_OSC                           00003FFD
__16F877A                         00000001
caso1                             00000036
caso2                             00000039
caso3                             0000003D
caso4                             00000049
caso5                             00000055
caso6                             00000061
ciclo                             00000015
contador                          00000020
corrimiento                       00000043
corrimiento2                      0000004F
corrimiento3                      0000005B
cte1                              00000020
cte2                              00000050
cte3                              00000060
dos                               0000006B
inicio                            00000005
recepcion                         0000002F
recibe                            00000011
retardo                           00000067
trans                             00000009
transmite                         00000032
tres                              00000069
uno                               0000006D
valor1                            00000021
valor2                            00000022
valor3                            00000023


MEMORY USAGE MAP ('X' = Used,  '-' = Unused)

0000 : X----XXXXXXXXXXX XXXXXXXXXXXXXXXX XXXXXXXXXXXXXXXX XXXXXXXXXXXXXXXX
0040 : XXXXXXXXXXXXXXXX XXXXXXXXXXXXXXXX XXXXXXXXXXXXXXXX XXXX------------

All other memory blocks unused.

Program Memory Words Used:   112
Program Memory Words Free:  8080


MPASM  5.48                         PROG1.ASM   10-10-2019  12:56:39         PAGE 12





Errors   :     6
Warnings :    11 reported,     0 suppressed
Messages :    10 reported,     0 suppressed

