MPASM  5.48                         PROG2.ASM   9-12-2019  12:59:12         PAGE  1


LOC  OBJECT CODE     LINE SOURCE TEXT
  VALUE

Warning[205]: Found directive in column 1. (processor)
                      00001 processor 16f877 ;Indica la versión del procesador
                      00002  include<p16f877.inc>   ;Incluye la librería de la versión del procesador
                      00001         LIST
                      00002 
                      00003 ;==========================================================================
                      00004 ;  MPASM PIC16F877 processor include
                      00005 ; 
                      00006 ;  (c) Copyright 1999-2012 Microchip Technology, All rights reserved
                      00007 ;==========================================================================
                      00008 
Message[301]: MESSAGE: (Processor-header file mismatch.  Verify selected processor.)
                      00540         LIST
                      00003 
  00000020            00004 contador equ h'20' ;Ayuda en los corrimientos
  00000021            00005 valor1 equ h'21'
  00000022            00006 valor2 equ h'22'
  00000023            00007 valor3 equ h'23'
  00000020            00008 cte1 equ 20h      ;Constantes para el retardo
  00000050            00009 cte2 equ 50h
  00000060            00010 cte3 equ 60h
                      00011 
0000                  00012  org 0 ;Carga el vector de RESET la dirección de inicio
0000   2805           00013  goto inicio ;Salto incondicional a inicio
0005                  00014  org 5  ;Dirección de inicio del programa del usuario
                      00015 
0005   0186           00016 inicio:         clrf    PORTB ;Limpiamos el puerto B
0006   0185           00017                         clrf    PORTA ;Limpiamos el puerto A
0007   1683           00018                         bsf             STATUS,RP0
0008   1303           00019                         bcf             STATUS,RP1  ;Cambiamos a banco 1
0009   3007           00020                         movlw   H'07' ;Movemos un 7 a W
Message[302]: Register in operand not in bank 0.  Ensure that bank bits are correct.
000A   009F           00021                         movwf   ADCON1  ;Registro para Entradas/Salidas Digitales
000B   30FF           00022                         movlw   H'FF'   ;Movemos el valor FF de la literal a W
Message[302]: Register in operand not in bank 0.  Ensure that bank bits are correct.
000C   0085           00023                         movwf   TRISA    ;Movemos al registro TRISA lo que tiene W
000D   3000           00024                         movlw H'00'     ;Movemos lo de la literal a W
Message[302]: Register in operand not in bank 0.  Ensure that bank bits are correct.
000E   0086           00025                         movwf TRISB     ;Movemos lo que tiene W a TRISB
000F   1283           00026                         bcf STATUS,RP0 ;Cambiamos a banco 0 
                      00027 
0010   1905           00028 ciclo:          btfsc PORTA,2 ;Preguntamos por el bit 2 del Puerto A
0011   281C           00029                         goto c56   ;Para el caso 5 o 6
0012   2813           00030                         goto c1234 ;Para el caso del 1 al 4
                      00031 
0013   1885           00032 c1234:          btfsc PORTA,1 ;Preguntamos por el bit 1 del Puerto A
0014   2819           00033                         goto c34 ;Para el caso 3 y 4                    
0015   2816           00034                         goto c12 ;Para el caso 1 y 2
                      00035 
0016   1805           00036 c12:            btfsc PORTA,0 ;Preguntamos por el bit 0 del puerto A
0017   2821           00037                         goto c2 ;Entramos al caso 2
0018   281F           00038                         goto c1 ;Pasamos al caso 1
                      00039 
MPASM  5.48                         PROG2.ASM   9-12-2019  12:59:12         PAGE  2


LOC  OBJECT CODE     LINE SOURCE TEXT
  VALUE

0019   1805           00040 c34:            btfsc PORTA,0 ;Preguntamos por el bit 0 del puerto A
001A   282F           00041                         goto c4 ;Pasamos al caso 4
001B   2824           00042                         goto c3 ;Pasamos al caso 3
                      00043 
001C   1805           00044 c56:            btfsc PORTA,0 ;Preguntamos por el bit 0 del puerto A
001D   2847           00045                         goto c6 ;Para el caso 6
001E   283A           00046                         goto c5 ;Para el caso 5
                      00047 
                      00048 ;Todos los leds apagados
001F   0186           00049 c1:             clrf PORTB ;Limpiamos lo que hay en el puerto B
0020   2810           00050                         goto ciclo ;Regresamos al ciclo
                      00051 
                      00052 ;Todos los leds encendidos
0021   30FF           00053 c2:                     movlw H'FF'     ;Movemos a W el valor FF 
0022   0086           00054                         movwf PORTB ;Moviendo el valor de W al puerto B, se encenderá el led
0023   2810           00055                         goto ciclo
                      00056 
                      00057 ;Corrimiento del bit más significativo a la derecha
0024   1003           00058 c3:                     bcf STATUS,0 ;Limpiamos al carry
0025   3080           00059                         movlw H'80'
0026   0086           00060                         movwf PORTB
0027   3008           00061                         movlw H'08'
0028   00A0           00062                         movwf contador
                      00063 
                      00064 ;Ciclo para el corrimiento a la derecha
0029   204F           00065 loop1:          call retardo    ;Llamamos al retardo
002A   0C86           00066                         rrf PORTB,1             ;Recorremos los bits a la derecha
Message[305]: Using default destination of 1 (file).
002B   03A0           00067                         decf contador   ;Decrementamos el contador
002C   1903           00068                         btfsc   STATUS,2 ;Preguntamos por el bit 2 del registro STATUS
002D   2810           00069                         goto ciclo
002E   2829           00070                         goto loop1
                      00071 
                      00072 ;Corrimiento del bit menos significativo a la izquierda
002F   1003           00073 c4:             bcf STATUS,0
0030   3080           00074                         movlw H'80'
0031   0086           00075                         movwf PORTB
0032   3008           00076                         movlw H'08'
0033   00A0           00077                         movwf contador
                      00078 
                      00079 ;Ciclo para el corrimiento a la izquierda
0034   204F           00080 loop2:          call retardo
0035   0D86           00081                         rlf PORTB,1
Message[305]: Using default destination of 1 (file).
0036   03A0           00082                         decf contador
0037   1903           00083                         btfsc   STATUS,2
0038   2810           00084                         goto ciclo
0039   2834           00085                         goto loop2
                      00086 
                      00087 ;Corrimiento del bit más significativo hacia la derecha y a la izquierda
003A                  00088 c5:             
                      00089 ;-------- Corrimiento Derecha
003A   1003           00090                         bcf STATUS,0 ;Limpiamos al carry
MPASM  5.48                         PROG2.ASM   9-12-2019  12:59:12         PAGE  3


LOC  OBJECT CODE     LINE SOURCE TEXT
  VALUE

003B   3080           00091                         movlw H'80'
003C   0086           00092                         movwf PORTB
003D   3008           00093                         movlw H'08'
003E   00A0           00094                         movwf contador
Warning[207]: Found label after column 1. (loop3)
003F                  00095         loop3:
003F   204F           00096                                 call retardo
0040   0C86           00097                                 rrf PORTB,1
Message[305]: Using default destination of 1 (file).
0041   03A0           00098                                 decf contador
0042   1D03           00099                                 btfss   STATUS,2
0043   283F           00100                                 goto loop3
                      00101 
                      00102 ;------ Corrimiento Izquierda
0044   3008           00103                         movlw H'08'
0045   00A0           00104                         movwf contador
0046   2834           00105                         goto loop2
                      00106 
                      00107 ;Apagar y encender todos los bits, con retardo de 1/2 segundo
0047   30FF           00108 c6:                     movlw b'11111111'
0048   0086           00109                         movwf PORTB
0049   204F           00110                         call retardo
004A   3000           00111                         movlw b'00000000'
004B   0086           00112                         movwf PORTB
004C   204F           00113                         call retardo
004D   2810           00114                         goto ciclo
004E   2847           00115                         goto c6
                      00116 
                      00117 ;Subrutina utilizada para controlar el tiempo de retardo
004F   3020           00118 retardo         movlw cte1 ;Carga el valor de cte1 en W
0050   00A1           00119                         movwf valor1 ;Almacena en valor1 lo que hay en W
                      00120 
0051   3050           00121 tres            movlw cte2
0052   00A2           00122                         movwf valor2
                      00123 
0053   3060           00124 dos             movlw cte3
0054   00A3           00125                         movwf valor3
                      00126 
Message[305]: Using default destination of 1 (file).
0055   0BA3           00127 uno             decfsz valor3 ;Decrementa valor3 y compara con cero, si es distinto repite el ciclo
0056   2855           00128                         goto uno
Message[305]: Using default destination of 1 (file).
0057   0BA2           00129                         decfsz valor2
0058   2853           00130                         goto dos
Message[305]: Using default destination of 1 (file).
0059   0BA1           00131                         decfsz valor1
005A   2851           00132                         goto tres
005B   0008           00133                         return
Warning[205]: Found directive in column 1. (end)
                      00134 end
MPASM  5.48                         PROG2.ASM   9-12-2019  12:59:12         PAGE  4


SYMBOL TABLE
  LABEL                             VALUE 

ACKDT                             00000005
ACKEN                             00000004
ACKSTAT                           00000006
ADCON0                            0000001F
ADCON1                            0000009F
ADCS0                             00000006
ADCS1                             00000007
ADDEN                             00000003
ADFM                              00000007
ADIE                              00000006
ADIF                              00000006
ADON                              00000000
ADRESH                            0000001E
ADRESL                            0000009E
BCLIE                             00000003
BCLIF                             00000003
BF                                00000000
BRGH                              00000002
C                                 00000000
CCP1CON                           00000017
CCP1IE                            00000002
CCP1IF                            00000002
CCP1M0                            00000000
CCP1M1                            00000001
CCP1M2                            00000002
CCP1M3                            00000003
CCP1X                             00000005
CCP1Y                             00000004
CCP2CON                           0000001D
CCP2IE                            00000000
CCP2IF                            00000000
CCP2M0                            00000000
CCP2M1                            00000001
CCP2M2                            00000002
CCP2M3                            00000003
CCP2X                             00000005
CCP2Y                             00000004
CCPR1                             00000015
CCPR1H                            00000016
CCPR1L                            00000015
CCPR2                             0000001B
CCPR2H                            0000001C
CCPR2L                            0000001B
CHS0                              00000003
CHS1                              00000004
CHS2                              00000005
CKE                               00000006
CKP                               00000004
CREN                              00000004
CSRC                              00000007
D                                 00000005
DATA_ADDRESS                      00000005
DC                                00000001
MPASM  5.48                         PROG2.ASM   9-12-2019  12:59:12         PAGE  5


SYMBOL TABLE
  LABEL                             VALUE 

D_A                               00000005
D_NOT_A                           00000005
EEADR                             0000010D
EEADRH                            0000010F
EECON1                            0000018C
EECON2                            0000018D
EEDATA                            0000010C
EEDATH                            0000010E
EEIE                              00000004
EEIF                              00000004
EEPGD                             00000007
F                                 00000001
FERR                              00000002
FSR                               00000004
GCEN                              00000007
GIE                               00000007
GO                                00000002
GO_DONE                           00000002
GO_NOT_DONE                       00000002
I2C_DATA                          00000005
I2C_READ                          00000002
I2C_START                         00000003
I2C_STOP                          00000004
IBF                               00000007
IBOV                              00000005
INDF                              00000000
INTCON                            0000000B
INTE                              00000004
INTEDG                            00000006
INTF                              00000001
IRP                               00000007
NOT_A                             00000005
NOT_ADDRESS                       00000005
NOT_BO                            00000000
NOT_BOR                           00000000
NOT_DONE                          00000002
NOT_PD                            00000003
NOT_POR                           00000001
NOT_RBPU                          00000007
NOT_RC8                           00000006
NOT_T1SYNC                        00000002
NOT_TO                            00000004
NOT_TX8                           00000006
NOT_W                             00000002
NOT_WRITE                         00000002
OBF                               00000006
OERR                              00000001
OPTION_REG                        00000081
P                                 00000004
PCFG0                             00000000
PCFG1                             00000001
PCFG2                             00000002
PCFG3                             00000003
MPASM  5.48                         PROG2.ASM   9-12-2019  12:59:12         PAGE  6


SYMBOL TABLE
  LABEL                             VALUE 

PCL                               00000002
PCLATH                            0000000A
PCON                              0000008E
PEIE                              00000006
PEN                               00000002
PIE1                              0000008C
PIE2                              0000008D
PIR1                              0000000C
PIR2                              0000000D
PORTA                             00000005
PORTB                             00000006
PORTC                             00000007
PORTD                             00000008
PORTE                             00000009
PR2                               00000092
PS0                               00000000
PS1                               00000001
PS2                               00000002
PSA                               00000003
PSPIE                             00000007
PSPIF                             00000007
PSPMODE                           00000004
R                                 00000002
RA0                               00000000
RA1                               00000001
RA2                               00000002
RA3                               00000003
RA4                               00000004
RA5                               00000005
RB0                               00000000
RB1                               00000001
RB2                               00000002
RB3                               00000003
RB4                               00000004
RB5                               00000005
RB6                               00000006
RB7                               00000007
RBIE                              00000003
RBIF                              00000000
RC0                               00000000
RC1                               00000001
RC2                               00000002
RC3                               00000003
RC4                               00000004
RC5                               00000005
RC6                               00000006
RC7                               00000007
RC8_9                             00000006
RC9                               00000006
RCD8                              00000000
RCEN                              00000003
RCIE                              00000005
RCIF                              00000005
MPASM  5.48                         PROG2.ASM   9-12-2019  12:59:12         PAGE  7


SYMBOL TABLE
  LABEL                             VALUE 

RCREG                             0000001A
RCSTA                             00000018
RD                                00000000
RD0                               00000000
RD1                               00000001
RD2                               00000002
RD3                               00000003
RD4                               00000004
RD5                               00000005
RD6                               00000006
RD7                               00000007
RE0                               00000000
RE1                               00000001
RE2                               00000002
READ_WRITE                        00000002
RP0                               00000005
RP1                               00000006
RSEN                              00000001
RX9                               00000006
RX9D                              00000000
R_NOT_W                           00000002
R_W                               00000002
S                                 00000003
SEN                               00000000
SMP                               00000007
SPBRG                             00000099
SPEN                              00000007
SREN                              00000005
SSPADD                            00000093
SSPBUF                            00000013
SSPCON                            00000014
SSPCON2                           00000091
SSPEN                             00000005
SSPIE                             00000003
SSPIF                             00000003
SSPM0                             00000000
SSPM1                             00000001
SSPM2                             00000002
SSPM3                             00000003
SSPOV                             00000006
SSPSTAT                           00000094
STATUS                            00000003
SYNC                              00000004
T0CS                              00000005
T0IE                              00000005
T0IF                              00000002
T0SE                              00000004
T1CKPS0                           00000004
T1CKPS1                           00000005
T1CON                             00000010
T1INSYNC                          00000002
T1OSCEN                           00000003
T1SYNC                            00000002
MPASM  5.48                         PROG2.ASM   9-12-2019  12:59:12         PAGE  8


SYMBOL TABLE
  LABEL                             VALUE 

T2CKPS0                           00000000
T2CKPS1                           00000001
T2CON                             00000012
TMR0                              00000001
TMR0IE                            00000005
TMR0IF                            00000002
TMR1                              0000000E
TMR1CS                            00000001
TMR1H                             0000000F
TMR1IE                            00000000
TMR1IF                            00000000
TMR1L                             0000000E
TMR1ON                            00000000
TMR2                              00000011
TMR2IE                            00000001
TMR2IF                            00000001
TMR2ON                            00000002
TOUTPS0                           00000003
TOUTPS1                           00000004
TOUTPS2                           00000005
TOUTPS3                           00000006
TRISA                             00000085
TRISA0                            00000000
TRISA1                            00000001
TRISA2                            00000002
TRISA3                            00000003
TRISA4                            00000004
TRISA5                            00000005
TRISB                             00000086
TRISB0                            00000000
TRISB1                            00000001
TRISB2                            00000002
TRISB3                            00000003
TRISB4                            00000004
TRISB5                            00000005
TRISB6                            00000006
TRISB7                            00000007
TRISC                             00000087
TRISC0                            00000000
TRISC1                            00000001
TRISC2                            00000002
TRISC3                            00000003
TRISC4                            00000004
TRISC5                            00000005
TRISC6                            00000006
TRISC7                            00000007
TRISD                             00000088
TRISD0                            00000000
TRISD1                            00000001
TRISD2                            00000002
TRISD3                            00000003
TRISD4                            00000004
TRISD5                            00000005
MPASM  5.48                         PROG2.ASM   9-12-2019  12:59:12         PAGE  9


SYMBOL TABLE
  LABEL                             VALUE 

TRISD6                            00000006
TRISD7                            00000007
TRISE                             00000089
TRISE0                            00000000
TRISE1                            00000001
TRISE2                            00000002
TRMT                              00000001
TX8_9                             00000006
TX9                               00000006
TX9D                              00000000
TXD8                              00000000
TXEN                              00000005
TXIE                              00000004
TXIF                              00000004
TXREG                             00000019
TXSTA                             00000098
UA                                00000001
W                                 00000000
WCOL                              00000007
WR                                00000001
WREN                              00000002
WRERR                             00000003
Z                                 00000002
_BODEN_OFF                        00003FBF
_BODEN_ON                         00003FFF
_BOREN_OFF                        00003FBF
_BOREN_ON                         00003FFF
_CONFIG                           00002007
_CPD_OFF                          00003FFF
_CPD_ON                           00003EFF
_CP_ALL                           00000FCF
_CP_HALF                          00001FDF
_CP_OFF                           00003FFF
_CP_UPPER_256                     00002FEF
_DEBUG_OFF                        00003FFF
_DEBUG_ON                         000037FF
_DEVID1                           00002006
_FOSC_EXTRC                       00003FFF
_FOSC_HS                          00003FFE
_FOSC_LP                          00003FFC
_FOSC_XT                          00003FFD
_HS_OSC                           00003FFE
_IDLOC0                           00002000
_IDLOC1                           00002001
_IDLOC2                           00002002
_IDLOC3                           00002003
_LP_OSC                           00003FFC
_LVP_OFF                          00003F7F
_LVP_ON                           00003FFF
_PWRTE_OFF                        00003FFF
_PWRTE_ON                         00003FF7
_RC_OSC                           00003FFF
_WDTE_OFF                         00003FFB
MPASM  5.48                         PROG2.ASM   9-12-2019  12:59:12         PAGE 10


SYMBOL TABLE
  LABEL                             VALUE 

_WDTE_ON                          00003FFF
_WDT_OFF                          00003FFB
_WDT_ON                           00003FFF
_WRT_ENABLE_OFF                   00003DFF
_WRT_ENABLE_ON                    00003FFF
_WRT_OFF                          00003DFF
_WRT_ON                           00003FFF
_XT_OSC                           00003FFD
__16F877A                         00000001
c1                                0000001F
c12                               00000016
c1234                             00000013
c2                                00000021
c3                                00000024
c34                               00000019
c4                                0000002F
c5                                0000003A
c56                               0000001C
c6                                00000047
ciclo                             00000010
contador                          00000020
cte1                              00000020
cte2                              00000050
cte3                              00000060
dos                               00000053
inicio                            00000005
loop1                             00000029
loop2                             00000034
loop3                             0000003F
retardo                           0000004F
tres                              00000051
uno                               00000055
valor1                            00000021
valor2                            00000022
valor3                            00000023


MEMORY USAGE MAP ('X' = Used,  '-' = Unused)

0000 : X----XXXXXXXXXXX XXXXXXXXXXXXXXXX XXXXXXXXXXXXXXXX XXXXXXXXXXXXXXXX
0040 : XXXXXXXXXXXXXXXX XXXXXXXXXXXX---- ---------------- ----------------

All other memory blocks unused.

Program Memory Words Used:    88
Program Memory Words Free:  8104


MPASM  5.48                         PROG2.ASM   9-12-2019  12:59:12         PAGE 11





Errors   :     0
Warnings :     3 reported,     0 suppressed
Messages :    10 reported,     0 suppressed

